BioNetGen version 2.9.3
Reading from file c:\IL6_TGFB\model_small\2025_06_17__12_07_04\model_small.bngl (level 0)
Read 55 parameters.
Read 16 molecule types.
Read 16 species.
Read 15 observable(s).
Read 58 reaction rule(s).
ACTION: generate_network( model_small )
Iteration   0:    16 species      0 rxns  0.00e+00 CPU s
Iteration   1:    21 species     31 rxns  1.60e-02 CPU s
WARNING: Duplicate of rxn 48 detected. Rules generating this rxn are Deg_P85_Total, Deg_P110.
Iteration   2:    26 species     49 rxns  1.50e-02 CPU s
WARNING: Duplicate of rxn 68 detected. Rules generating this rxn are Deg_P85_Total, Deg_P110.
Iteration   3:    32 species     69 rxns  0.00e+00 CPU s
Iteration   4:    35 species     91 rxns  1.60e-02 CPU s
WARNING: Duplicate of rxn 109 detected. Rules generating this rxn are Deg_SMAD3, Deg_SMAD4.
Iteration   5:    42 species    109 rxns  1.60e-02 CPU s
WARNING: Duplicate of rxn 153 detected. Rules generating this rxn are Deg_SMAD3, Deg_SMAD4.
WARNING: Duplicate of rxn 154 detected. Rules generating this rxn are Deg_SMAD3, Deg_SMAD4.
Iteration   6:    51 species    155 rxns  1.50e-02 CPU s
WARNING: Duplicate of rxn 217 detected. Rules generating this rxn are Deg_SMAD3, Deg_SMAD4.
WARNING: Duplicate of rxn 219 detected. Rules generating this rxn are Deg_SMAD3, Deg_SMAD4.
Iteration   7:    63 species    220 rxns  3.20e-02 CPU s
WARNING: Duplicate of rxn 304 detected. Rules generating this rxn are Deg_SMAD3, Deg_SMAD4.
WARNING: Duplicate of rxn 307 detected. Rules generating this rxn are Deg_SMAD3, Deg_SMAD4.
Iteration   8:    83 species    312 rxns  6.20e-02 CPU s
WARNING: Duplicate of rxn 484 detected. Rules generating this rxn are Deg_P85_Total, Deg_P110.
WARNING: Duplicate of rxn 485 detected. Rules generating this rxn are Deg_P85_Total, Deg_P110.
WARNING: Duplicate of rxn 488 detected. Rules generating this rxn are Deg_SMAD3, Deg_SMAD4.
WARNING: Duplicate of rxn 489 detected. Rules generating this rxn are Deg_SMAD3, Deg_SMAD4.
WARNING: Duplicate of rxn 493 detected. Rules generating this rxn are Deg_SMAD3, Deg_SMAD4.
WARNING: Duplicate of rxn 497 detected. Rules generating this rxn are Deg_SMAD3, Deg_SMAD4.
Iteration   9:   105 species    515 rxns  1.24e-01 CPU s
WARNING: Duplicate of rxn 807 detected. Rules generating this rxn are Deg_SMAD3, Deg_SMAD4.
WARNING: Duplicate of rxn 810 detected. Rules generating this rxn are Deg_SMAD3, Deg_SMAD4.
WARNING: Duplicate of rxn 814 detected. Rules generating this rxn are Deg_SMAD3, Deg_SMAD4.
WARNING: Duplicate of rxn 815 detected. Rules generating this rxn are Deg_SMAD3, Deg_SMAD4.
WARNING: Duplicate of rxn 822 detected. Rules generating this rxn are Deg_SMAD3, Deg_SMAD4.
WARNING: Duplicate of rxn 827 detected. Rules generating this rxn are Deg_SMAD3, Deg_SMAD4.
Iteration  10:   123 species    849 rxns  2.19e-01 CPU s
WARNING: Duplicate of rxn 1116 detected. Rules generating this rxn are Deg_SMAD3, Deg_SMAD4.
WARNING: Duplicate of rxn 1121 detected. Rules generating this rxn are Deg_SMAD3, Deg_SMAD4.
WARNING: Duplicate of rxn 1128 detected. Rules generating this rxn are Deg_SMAD3, Deg_SMAD4.
WARNING: Duplicate of rxn 1131 detected. Rules generating this rxn are Deg_SMAD3, Deg_SMAD4.
WARNING: Duplicate of rxn 1132 detected. Rules generating this rxn are Deg_SMAD3, Deg_SMAD4.
Iteration  11:   130 species   1150 rxns  2.03e-01 CPU s
WARNING: Duplicate of rxn 1272 detected. Rules generating this rxn are Deg_SMAD3, Deg_SMAD4.
WARNING: Duplicate of rxn 1273 detected. Rules generating this rxn are Deg_SMAD3, Deg_SMAD4.
WARNING: Duplicate of rxn 1274 detected. Rules generating this rxn are Deg_SMAD3, Deg_SMAD4.
Iteration  12:   132 species   1281 rxns  1.10e-01 CPU s
WARNING: Duplicate of rxn 1311 detected. Rules generating this rxn are Deg_SMAD3, Deg_SMAD4.
Iteration  13:   132 species   1313 rxns  3.10e-02 CPU s
Cumulative CPU time for each rule
Rule   1:     4 reactions 1.60e-02 CPU s 4.00e-03 CPU s/rxn
Rule   2:    20 reactions 1.60e-02 CPU s 8.00e-04 CPU s/rxn
Rule   3:     1 reactions 0.00e+00 CPU s 0.00e+00 CPU s/rxn
Rule   4:     2 reactions 0.00e+00 CPU s 0.00e+00 CPU s/rxn
Rule   5:     5 reactions 0.00e+00 CPU s 0.00e+00 CPU s/rxn
Rule   6:    10 reactions 0.00e+00 CPU s 0.00e+00 CPU s/rxn
Rule   7:    32 reactions 0.00e+00 CPU s 0.00e+00 CPU s/rxn
Rule   8:     4 reactions 0.00e+00 CPU s 0.00e+00 CPU s/rxn
Rule   9:    10 reactions 3.10e-02 CPU s 3.10e-03 CPU s/rxn
Rule  10:    45 reactions 0.00e+00 CPU s 0.00e+00 CPU s/rxn
Rule  11:    10 reactions 1.60e-02 CPU s 1.60e-03 CPU s/rxn
Rule  12:    11 reactions 0.00e+00 CPU s 0.00e+00 CPU s/rxn
Rule  13:   550 reactions 3.42e-01 CPU s 6.22e-04 CPU s/rxn
Rule  14:    55 reactions 3.20e-02 CPU s 5.82e-04 CPU s/rxn
Rule  15:    24 reactions 1.09e-01 CPU s 4.54e-03 CPU s/rxn
Rule  16:    84 reactions 3.20e-02 CPU s 3.81e-04 CPU s/rxn
Rule  17:    42 reactions 3.10e-02 CPU s 7.38e-04 CPU s/rxn
Rule  18:    26 reactions 1.60e-02 CPU s 6.15e-04 CPU s/rxn
Rule  19:    12 reactions 4.70e-02 CPU s 3.92e-03 CPU s/rxn
Rule  20:    12 reactions 3.10e-02 CPU s 2.58e-03 CPU s/rxn
Rule  21:    20 reactions 0.00e+00 CPU s 0.00e+00 CPU s/rxn
Rule  22:    20 reactions 0.00e+00 CPU s 0.00e+00 CPU s/rxn
Rule  23:    20 reactions 3.10e-02 CPU s 1.55e-03 CPU s/rxn
Rule  24:     1 reactions 0.00e+00 CPU s 0.00e+00 CPU s/rxn
Rule  25:     8 reactions 0.00e+00 CPU s 0.00e+00 CPU s/rxn
Rule  26:     4 reactions 1.50e-02 CPU s 3.75e-03 CPU s/rxn
Rule  27:     1 reactions 0.00e+00 CPU s 0.00e+00 CPU s/rxn
Rule  28:     3 reactions 0.00e+00 CPU s 0.00e+00 CPU s/rxn
Rule  29:     3 reactions 0.00e+00 CPU s 0.00e+00 CPU s/rxn
Rule  30:     4 reactions 0.00e+00 CPU s 0.00e+00 CPU s/rxn
Rule  31:     1 reactions 0.00e+00 CPU s 0.00e+00 CPU s/rxn
Rule  32:     1 reactions 0.00e+00 CPU s 0.00e+00 CPU s/rxn
Rule  33:     3 reactions 0.00e+00 CPU s 0.00e+00 CPU s/rxn
Rule  34:     3 reactions 0.00e+00 CPU s 0.00e+00 CPU s/rxn
Rule  35:     1 reactions 0.00e+00 CPU s 0.00e+00 CPU s/rxn
Rule  36:     1 reactions 0.00e+00 CPU s 0.00e+00 CPU s/rxn
Rule  37:     4 reactions 0.00e+00 CPU s 0.00e+00 CPU s/rxn
Rule  38:     1 reactions 0.00e+00 CPU s 0.00e+00 CPU s/rxn
Rule  39:    20 reactions 1.50e-02 CPU s 7.50e-04 CPU s/rxn
Rule  40:     1 reactions 0.00e+00 CPU s 0.00e+00 CPU s/rxn
Rule  41:    20 reactions 1.50e-02 CPU s 7.50e-04 CPU s/rxn
Rule  42:     1 reactions 0.00e+00 CPU s 0.00e+00 CPU s/rxn
Rule  43:    41 reactions 1.60e-02 CPU s 3.90e-04 CPU s/rxn
Rule  44:     1 reactions 0.00e+00 CPU s 0.00e+00 CPU s/rxn
Rule  45:     2 reactions 1.60e-02 CPU s 8.00e-03 CPU s/rxn
Rule  46:     1 reactions 0.00e+00 CPU s 0.00e+00 CPU s/rxn
Rule  47:     6 reactions 0.00e+00 CPU s 0.00e+00 CPU s/rxn
Rule  48:     1 reactions 0.00e+00 CPU s 0.00e+00 CPU s/rxn
Rule  49:     2 reactions 0.00e+00 CPU s 0.00e+00 CPU s/rxn
Rule  50:     1 reactions 0.00e+00 CPU s 0.00e+00 CPU s/rxn
Rule  51:     4 reactions 0.00e+00 CPU s 0.00e+00 CPU s/rxn
Rule  52:     1 reactions 0.00e+00 CPU s 0.00e+00 CPU s/rxn
Rule  53:    78 reactions 0.00e+00 CPU s 0.00e+00 CPU s/rxn
Rule  54:     1 reactions 0.00e+00 CPU s 0.00e+00 CPU s/rxn
Rule  55:     1 reactions 0.00e+00 CPU s 0.00e+00 CPU s/rxn
Rule  56:     1 reactions 0.00e+00 CPU s 0.00e+00 CPU s/rxn
Rule  57:    71 reactions 3.20e-02 CPU s 4.51e-04 CPU s/rxn
Rule  58:     1 reactions 0.00e+00 CPU s 0.00e+00 CPU s/rxn
Total   :  1313 reactions 8.59e-01 CPU s 6.54e-04 CPU s/rxn
Wrote network in net format to model_small.net.
CPU TIME: generate_network 0.88 s.
ACTION: simulate( method=>"cvode" )
TEND:100
Network simulation using cvode
WARNING: writeFile(): Overwriting existing file model_small.net.
Wrote network in net format to model_small.net.
Running run_network on hawsexps15
full command: C:\Users\Achyudhan\anaconda3\Lib\site-packages\bionetgen\bng-win\bin\run_network.exe -o model_small -p cvode -a 1e-08 -r 1e-08 --cdat 1 --fdat 0 -g model_small.net model_small.net 0.1 1000
[simulation PID is: 20936]
run_network 3.0
Read 55 parameters from model_small.net
Read 132 species from model_small.net
Read 15 group(s) from model_small.net
Read 0 function(s) from model_small.net
Found species with index 0 at line 197: assuming this is the null species.
Found species with index 0 at line 201: assuming this is the null species.
Found species with index 0 at line 202: assuming this is the null species.
Found species with index 0 at line 203: assuming this is the null species.
Found species with index 0 at line 204: assuming this is the null species.
Found species with index 0 at line 205: assuming this is the null species.
Found species with index 0 at line 206: assuming this is the null species.
Found species with index 0 at line 207: assuming this is the null species.
Found species with index 0 at line 208: assuming this is the null species.
Found species with index 0 at line 209: assuming this is the null species.
Found species with index 0 at line 210: assuming this is the null species.
Found species with index 0 at line 211: assuming this is the null species.
Found species with index 0 at line 212: assuming this is the null species.
Found species with index 0 at line 213: assuming this is the null species.
Found species with index 0 at line 214: assuming this is the null species.
Found species with index 0 at line 215: assuming this is the null species.
Found species with index 0 at line 216: assuming this is the null species.
Found species with index 0 at line 217: assuming this is the null species.
Found species with index 0 at line 218: assuming this is the null species.
Found species with index 0 at line 219: assuming this is the null species.
Found species with index 0 at line 220: assuming this is the null species.
Found species with index 0 at line 221: assuming this is the null species.
Found species with index 0 at line 222: assuming this is the null species.
Found species with index 0 at line 223: assuming this is the null species.
Found species with index 0 at line 224: assuming this is the null species.
Found species with index 0 at line 237: assuming this is the null species.
Found species with index 0 at line 238: assuming this is the null species.
Found species with index 0 at line 239: assuming this is the null species.
Found species with index 0 at line 240: assuming this is the null species.
Found species with index 0 at line 241: assuming this is the null species.
Found species with index 0 at line 242: assuming this is the null species.
Found species with index 0 at line 257: assuming this is the null species.
Found species with index 0 at line 258: assuming this is the null species.
Found species with index 0 at line 259: assuming this is the null species.
Found species with index 0 at line 260: assuming this is the null species.
Found species with index 0 at line 261: assuming this is the null species.
Found species with index 0 at line 262: assuming this is the null species.
Found species with index 0 at line 278: assuming this is the null species.
Found species with index 0 at line 279: assuming this is the null species.
Found species with index 0 at line 280: assuming this is the null species.
Found species with index 0 at line 281: assuming this is the null species.
Found species with index 0 at line 282: assuming this is the null species.
Found species with index 0 at line 283: assuming this is the null species.
Found species with index 0 at line 284: assuming this is the null species.
Found species with index 0 at line 298: assuming this is the null species.
Found species with index 0 at line 299: assuming this is the null species.
Found species with index 0 at line 300: assuming this is the null species.
Found species with index 0 at line 301: assuming this is the null species.
Found species with index 0 at line 302: assuming this is the null species.
Found species with index 0 at line 324: assuming this is the null species.
Found species with index 0 at line 338: assuming this is the null species.
Found species with index 0 at line 339: assuming this is the null species.
Found species with index 0 at line 340: assuming this is the null species.
Found species with index 0 at line 341: assuming this is the null species.
Found species with index 0 at line 342: assuming this is the null species.
Found species with index 0 at line 343: assuming this is the null species.
Found species with index 0 at line 344: assuming this is the null species.
Found species with index 0 at line 345: assuming this is the null species.
Found species with index 0 at line 346: assuming this is the null species.
Found species with index 0 at line 347: assuming this is the null species.
Found species with index 0 at line 348: assuming this is the null species.
Found species with index 0 at line 374: assuming this is the null species.
Found species with index 0 at line 375: assuming this is the null species.
Found species with index 0 at line 376: assuming this is the null species.
Found species with index 0 at line 377: assuming this is the null species.
Found species with index 0 at line 398: assuming this is the null species.
Found species with index 0 at line 399: assuming this is the null species.
Found species with index 0 at line 400: assuming this is the null species.
Found species with index 0 at line 401: assuming this is the null species.
Found species with index 0 at line 402: assuming this is the null species.
Found species with index 0 at line 403: assuming this is the null species.
Found species with index 0 at line 404: assuming this is the null species.
Found species with index 0 at line 405: assuming this is the null species.
Found species with index 0 at line 406: assuming this is the null species.
Found species with index 0 at line 407: assuming this is the null species.
Found species with index 0 at line 408: assuming this is the null species.
Found species with index 0 at line 409: assuming this is the null species.
Found species with index 0 at line 410: assuming this is the null species.
Found species with index 0 at line 411: assuming this is the null species.
Found species with index 0 at line 412: assuming this is the null species.
Found species with index 0 at line 413: assuming this is the null species.
Found species with index 0 at line 433: assuming this is the null species.
Found species with index 0 at line 434: assuming this is the null species.
Found species with index 0 at line 435: assuming this is the null species.
Found species with index 0 at line 436: assuming this is the null species.
Found species with index 0 at line 484: assuming this is the null species.
Found species with index 0 at line 485: assuming this is the null species.
Found species with index 0 at line 486: assuming this is the null species.
Found species with index 0 at line 487: assuming this is the null species.
Found species with index 0 at line 488: assuming this is the null species.
Found species with index 0 at line 489: assuming this is the null species.
Found species with index 0 at line 490: assuming this is the null species.
Found species with index 0 at line 491: assuming this is the null species.
Found species with index 0 at line 492: assuming this is the null species.
Found species with index 0 at line 493: assuming this is the null species.
Found species with index 0 at line 494: assuming this is the null species.
Found species with index 0 at line 495: assuming this is the null species.
Found species with index 0 at line 496: assuming this is the null species.
Found species with index 0 at line 497: assuming this is the null species.
Found species with index 0 at line 498: assuming this is the null species.
Found species with index 0 at line 499: assuming this is the null species.
Found species with index 0 at line 500: assuming this is the null species.
Found species with index 0 at line 501: assuming this is the null species.
Found species with index 0 at line 502: assuming this is the null species.
Found species with index 0 at line 503: assuming this is the null species.
Found species with index 0 at line 504: assuming this is the null species.
Found species with index 0 at line 505: assuming this is the null species.
Found species with index 0 at line 520: assuming this is the null species.
Found species with index 0 at line 665: assuming this is the null species.
Found species with index 0 at line 666: assuming this is the null species.
Found species with index 0 at line 667: assuming this is the null species.
Found species with index 0 at line 668: assuming this is the null species.
Found species with index 0 at line 669: assuming this is the null species.
Found species with index 0 at line 670: assuming this is the null species.
Found species with index 0 at line 671: assuming this is the null species.
Found species with index 0 at line 672: assuming this is the null species.
Found species with index 0 at line 673: assuming this is the null species.
Found species with index 0 at line 674: assuming this is the null species.
Found species with index 0 at line 675: assuming this is the null species.
Found species with index 0 at line 676: assuming this is the null species.
Found species with index 0 at line 677: assuming this is the null species.
Found species with index 0 at line 678: assuming this is the null species.
Found species with index 0 at line 679: assuming this is the null species.
Found species with index 0 at line 680: assuming this is the null species.
Found species with index 0 at line 681: assuming this is the null species.
Found species with index 0 at line 682: assuming this is the null species.
Found species with index 0 at line 683: assuming this is the null species.
Found species with index 0 at line 684: assuming this is the null species.
Found species with index 0 at line 685: assuming this is the null species.
Found species with index 0 at line 686: assuming this is the null species.
Found species with index 0 at line 687: assuming this is the null species.
Found species with index 0 at line 688: assuming this is the null species.
Found species with index 0 at line 689: assuming this is the null species.
Found species with index 0 at line 690: assuming this is the null species.
Found species with index 0 at line 691: assuming this is the null species.
Found species with index 0 at line 692: assuming this is the null species.
Found species with index 0 at line 693: assuming this is the null species.
Found species with index 0 at line 694: assuming this is the null species.
Found species with index 0 at line 695: assuming this is the null species.
Found species with index 0 at line 696: assuming this is the null species.
Found species with index 0 at line 697: assuming this is the null species.
Found species with index 0 at line 698: assuming this is the null species.
Found species with index 0 at line 699: assuming this is the null species.
Found species with index 0 at line 700: assuming this is the null species.
Found species with index 0 at line 701: assuming this is the null species.
Found species with index 0 at line 702: assuming this is the null species.
Found species with index 0 at line 703: assuming this is the null species.
Found species with index 0 at line 704: assuming this is the null species.
Found species with index 0 at line 705: assuming this is the null species.
Found species with index 0 at line 706: assuming this is the null species.
Found species with index 0 at line 707: assuming this is the null species.
Found species with index 0 at line 708: assuming this is the null species.
Found species with index 0 at line 989: assuming this is the null species.
Found species with index 0 at line 990: assuming this is the null species.
Found species with index 0 at line 991: assuming this is the null species.
Found species with index 0 at line 992: assuming this is the null species.
Found species with index 0 at line 993: assuming this is the null species.
Found species with index 0 at line 994: assuming this is the null species.
Found species with index 0 at line 995: assuming this is the null species.
Found species with index 0 at line 996: assuming this is the null species.
Found species with index 0 at line 997: assuming this is the null species.
Found species with index 0 at line 998: assuming this is the null species.
Found species with index 0 at line 999: assuming this is the null species.
Found species with index 0 at line 1000: assuming this is the null species.
Found species with index 0 at line 1001: assuming this is the null species.
Found species with index 0 at line 1002: assuming this is the null species.
Found species with index 0 at line 1003: assuming this is the null species.
Found species with index 0 at line 1004: assuming this is the null species.
Found species with index 0 at line 1005: assuming this is the null species.
Found species with index 0 at line 1006: assuming this is the null species.
Found species with index 0 at line 1007: assuming this is the null species.
Found species with index 0 at line 1008: assuming this is the null species.
Found species with index 0 at line 1009: assuming this is the null species.
Found species with index 0 at line 1010: assuming this is the null species.
Found species with index 0 at line 1011: assuming this is the null species.
Found species with index 0 at line 1012: assuming this is the null species.
Found species with index 0 at line 1013: assuming this is the null species.
Found species with index 0 at line 1014: assuming this is the null species.
Found species with index 0 at line 1015: assuming this is the null species.
Found species with index 0 at line 1016: assuming this is the null species.
Found species with index 0 at line 1017: assuming this is the null species.
Found species with index 0 at line 1018: assuming this is the null species.
Found species with index 0 at line 1019: assuming this is the null species.
Found species with index 0 at line 1020: assuming this is the null species.
Found species with index 0 at line 1021: assuming this is the null species.
Found species with index 0 at line 1022: assuming this is the null species.
Found species with index 0 at line 1023: assuming this is the null species.
Found species with index 0 at line 1024: assuming this is the null species.
Found species with index 0 at line 1025: assuming this is the null species.
Found species with index 0 at line 1026: assuming this is the null species.
Found species with index 0 at line 1027: assuming this is the null species.
Found species with index 0 at line 1028: assuming this is the null species.
Found species with index 0 at line 1029: assuming this is the null species.
Found species with index 0 at line 1030: assuming this is the null species.
Found species with index 0 at line 1031: assuming this is the null species.
Found species with index 0 at line 1032: assuming this is the null species.
Found species with index 0 at line 1033: assuming this is the null species.
Found species with index 0 at line 1034: assuming this is the null species.
Found species with index 0 at line 1035: assuming this is the null species.
Found species with index 0 at line 1036: assuming this is the null species.
Found species with index 0 at line 1037: assuming this is the null species.
Found species with index 0 at line 1038: assuming this is the null species.
Found species with index 0 at line 1039: assuming this is the null species.
Found species with index 0 at line 1040: assuming this is the null species.
Found species with index 0 at line 1041: assuming this is the null species.
Found species with index 0 at line 1042: assuming this is the null species.
Found species with index 0 at line 1298: assuming this is the null species.
Found species with index 0 at line 1299: assuming this is the null species.
Found species with index 0 at line 1300: assuming this is the null species.
Found species with index 0 at line 1301: assuming this is the null species.
Found species with index 0 at line 1302: assuming this is the null species.
Found species with index 0 at line 1303: assuming this is the null species.
Found species with index 0 at line 1304: assuming this is the null species.
Found species with index 0 at line 1305: assuming this is the null species.
Found species with index 0 at line 1306: assuming this is the null species.
Found species with index 0 at line 1307: assuming this is the null species.
Found species with index 0 at line 1308: assuming this is the null species.
Found species with index 0 at line 1309: assuming this is the null species.
Found species with index 0 at line 1310: assuming this is the null species.
Found species with index 0 at line 1311: assuming this is the null species.
Found species with index 0 at line 1312: assuming this is the null species.
Found species with index 0 at line 1313: assuming this is the null species.
Found species with index 0 at line 1314: assuming this is the null species.
Found species with index 0 at line 1315: assuming this is the null species.
Found species with index 0 at line 1316: assuming this is the null species.
Found species with index 0 at line 1317: assuming this is the null species.
Found species with index 0 at line 1318: assuming this is the null species.
Found species with index 0 at line 1319: assuming this is the null species.
Found species with index 0 at line 1320: assuming this is the null species.
Found species with index 0 at line 1321: assuming this is the null species.
Found species with index 0 at line 1322: assuming this is the null species.
Found species with index 0 at line 1323: assuming this is the null species.
Found species with index 0 at line 1324: assuming this is the null species.
Found species with index 0 at line 1325: assuming this is the null species.
Found species with index 0 at line 1326: assuming this is the null species.
Found species with index 0 at line 1327: assuming this is the null species.
Found species with index 0 at line 1328: assuming this is the null species.
Found species with index 0 at line 1329: assuming this is the null species.
Found species with index 0 at line 1330: assuming this is the null species.
Found species with index 0 at line 1331: assuming this is the null species.
Found species with index 0 at line 1332: assuming this is the null species.
Found species with index 0 at line 1333: assuming this is the null species.
Found species with index 0 at line 1334: assuming this is the null species.
Found species with index 0 at line 1335: assuming this is the null species.
Found species with index 0 at line 1336: assuming this is the null species.
Found species with index 0 at line 1337: assuming this is the null species.
Found species with index 0 at line 1338: assuming this is the null species.
Found species with index 0 at line 1339: assuming this is the null species.
Found species with index 0 at line 1340: assuming this is the null species.
Found species with index 0 at line 1341: assuming this is the null species.
Found species with index 0 at line 1342: assuming this is the null species.
Found species with index 0 at line 1343: assuming this is the null species.
Found species with index 0 at line 1456: assuming this is the null species.
Found species with index 0 at line 1457: assuming this is the null species.
Found species with index 0 at line 1458: assuming this is the null species.
Found species with index 0 at line 1459: assuming this is the null species.
Found species with index 0 at line 1460: assuming this is the null species.
Found species with index 0 at line 1461: assuming this is the null species.
Found species with index 0 at line 1462: assuming this is the null species.
Found species with index 0 at line 1463: assuming this is the null species.
Found species with index 0 at line 1464: assuming this is the null species.
Found species with index 0 at line 1465: assuming this is the null species.
Found species with index 0 at line 1466: assuming this is the null species.
Found species with index 0 at line 1467: assuming this is the null species.
Found species with index 0 at line 1468: assuming this is the null species.
Found species with index 0 at line 1469: assuming this is the null species.
Found species with index 0 at line 1470: assuming this is the null species.
Found species with index 0 at line 1471: assuming this is the null species.
Found species with index 0 at line 1472: assuming this is the null species.
Found species with index 0 at line 1473: assuming this is the null species.
Found species with index 0 at line 1474: assuming this is the null species.
Found species with index 0 at line 1502: assuming this is the null species.
Found species with index 0 at line 1503: assuming this is the null species.
Found species with index 0 at line 1504: assuming this is the null species.
Found species with index 0 at line 1505: assuming this is the null species.
Found species with index 0 at line 1506: assuming this is the null species.
Read 1313 reaction(s) from model_small.net
1313 reaction(s) have nonzero rate
Initialization took 0.05 CPU seconds
Propagating with cvode using dense LU
Time course of concentrations written to file model_small.cdat.
Time course of groups written to file model_small.gdat.
Propagation took 1.41e-01 CPU seconds
Program times:  0.19 CPU s 0.00 clock s
Updating species concentrations from model_small.cdat
CPU TIME: simulate 0.05 s.
Executing visualize() command.
Building network graphs for individual rules.
Wrote contact map of model in graphml format to model_small_contactmap_all.graphml.
CPU TIME: visualize 0.02 s.
Finished processing file c:\IL6_TGFB\model_small\2025_06_17__12_07_04\model_small.bngl.
CPU TIME: total 0.98 s.